<?xml version="1.0" encoding="UTF-8"?>
<testsuite name="mumbled_letters.MumbledLettersTestSuite" tests="1" skipped="0" failures="0" errors="0" timestamp="2020-05-09T20:26:59" hostname="Dell-Komputer" time="0.007">
  <properties/>
  <testcase name="testAccumStringBuild" classname="mumbled_letters.MumbledLettersTestSuite" time="0.007"/>
  <system-out><![CDATA[]]></system-out>
  <system-err><![CDATA[]]></system-err>
</testsuite>
