<?xml version="1.0" encoding="UTF-8"?>
<testsuite name="dependency_injection.shape.DrawerTestSuite" tests="1" skipped="0" failures="0" errors="0" timestamp="2019-10-03T21:22:58" hostname="Dell-Komputer" time="0.015">
  <properties/>
  <testcase name="testDrawingWithTriangle" classname="dependency_injection.shape.DrawerTestSuite" time="0.015"/>
  <system-out><![CDATA[This is a triangle
]]></system-out>
  <system-err><![CDATA[]]></system-err>
</testsuite>
