<?xml version="1.0" encoding="UTF-8"?>
<testsuite name="is_square.IsSquareTestSuite" tests="1" skipped="0" failures="0" errors="0" timestamp="2020-04-21T19:07:42" hostname="Dell-Komputer" time="0.244">
  <properties/>
  <testcase name="testIsSquareConciseWithRandomSquareNumbers" classname="is_square.IsSquareTestSuite" time="0.244"/>
  <system-out><![CDATA[Attempt #0 - square number = 697225; result: true
Attempt #1 - square number = 1535121; result: true
Attempt #2 - square number = 1229881; result: true
Attempt #3 - square number = 5625; result: true
Attempt #4 - square number = 3367225; result: true
Attempt #5 - square number = 303601; result: true
Attempt #6 - square number = 3243601; result: true
Attempt #7 - square number = 3845521; result: true
Attempt #8 - square number = 1674436; result: true
Attempt #9 - square number = 649636; result: true
Attempt #10 - square number = 1115136; result: true
Attempt #11 - square number = 698896; result: true
Attempt #12 - square number = 2739025; result: true
Attempt #13 - square number = 1771561; result: true
Attempt #14 - square number = 50625; result: true
Attempt #15 - square number = 693889; result: true
Attempt #16 - square number = 515524; result: true
Attempt #17 - square number = 488601; result: true
Attempt #18 - square number = 1140624; result: true
Attempt #19 - square number = 270400; result: true
Attempt #20 - square number = 2704; result: true
Attempt #21 - square number = 238144; result: true
Attempt #22 - square number = 3101121; result: true
Attempt #23 - square number = 394384; result: true
Attempt #24 - square number = 3920400; result: true
Attempt #25 - square number = 2686321; result: true
Attempt #26 - square number = 3671056; result: true
Attempt #27 - square number = 1062961; result: true
Attempt #28 - square number = 2274064; result: true
Attempt #29 - square number = 3010225; result: true
Attempt #30 - square number = 2862864; result: true
Attempt #31 - square number = 1425636; result: true
Attempt #32 - square number = 245025; result: true
Attempt #33 - square number = 1798281; result: true
Attempt #34 - square number = 690561; result: true
Attempt #35 - square number = 1520289; result: true
Attempt #36 - square number = 2461761; result: true
Attempt #37 - square number = 727609; result: true
Attempt #38 - square number = 853776; result: true
Attempt #39 - square number = 769129; result: true
Attempt #40 - square number = 3960100; result: true
Attempt #41 - square number = 1297321; result: true
Attempt #42 - square number = 976144; result: true
Attempt #43 - square number = 242064; result: true
Attempt #44 - square number = 2556801; result: true
Attempt #45 - square number = 2047761; result: true
Attempt #46 - square number = 2325625; result: true
Attempt #47 - square number = 241081; result: true
Attempt #48 - square number = 381924; result: true
Attempt #49 - square number = 1932100; result: true
Attempt #50 - square number = 2785561; result: true
Attempt #51 - square number = 683929; result: true
Attempt #52 - square number = 2253001; result: true
Attempt #53 - square number = 1570009; result: true
Attempt #54 - square number = 1575025; result: true
Attempt #55 - square number = 12769; result: true
Attempt #56 - square number = 1012036; result: true
Attempt #57 - square number = 3538161; result: true
Attempt #58 - square number = 319225; result: true
Attempt #59 - square number = 2187441; result: true
Attempt #60 - square number = 1119364; result: true
Attempt #61 - square number = 3364; result: true
Attempt #62 - square number = 2013561; result: true
Attempt #63 - square number = 667489; result: true
Attempt #64 - square number = 1893376; result: true
Attempt #65 - square number = 917764; result: true
Attempt #66 - square number = 644809; result: true
Attempt #67 - square number = 1425636; result: true
Attempt #68 - square number = 43681; result: true
Attempt #69 - square number = 1018081; result: true
Attempt #70 - square number = 59049; result: true
Attempt #71 - square number = 405769; result: true
Attempt #72 - square number = 286225; result: true
Attempt #73 - square number = 2010724; result: true
Attempt #74 - square number = 2819041; result: true
Attempt #75 - square number = 2505889; result: true
Attempt #76 - square number = 253009; result: true
Attempt #77 - square number = 1620529; result: true
Attempt #78 - square number = 512656; result: true
Attempt #79 - square number = 40401; result: true
Attempt #80 - square number = 394384; result: true
Attempt #81 - square number = 2601769; result: true
Attempt #82 - square number = 324; result: true
Attempt #83 - square number = 866761; result: true
Attempt #84 - square number = 556516; result: true
Attempt #85 - square number = 3334276; result: true
Attempt #86 - square number = 2862864; result: true
Attempt #87 - square number = 29584; result: true
Attempt #88 - square number = 126025; result: true
Attempt #89 - square number = 651249; result: true
Attempt #90 - square number = 6400; result: true
Attempt #91 - square number = 52900; result: true
Attempt #92 - square number = 108241; result: true
Attempt #93 - square number = 198916; result: true
Attempt #94 - square number = 502681; result: true
Attempt #95 - square number = 2712609; result: true
Attempt #96 - square number = 1100401; result: true
Attempt #97 - square number = 739600; result: true
Attempt #98 - square number = 27556; result: true
Attempt #99 - square number = 8100; result: true
Attempt #100 - square number = 3810304; result: true
Attempt #101 - square number = 2262016; result: true
Attempt #102 - square number = 2464900; result: true
Attempt #103 - square number = 444889; result: true
Attempt #104 - square number = 783225; result: true
Attempt #105 - square number = 3041536; result: true
Attempt #106 - square number = 769129; result: true
Attempt #107 - square number = 174724; result: true
Attempt #108 - square number = 1855044; result: true
Attempt #109 - square number = 1288225; result: true
Attempt #110 - square number = 286225; result: true
Attempt #111 - square number = 49729; result: true
Attempt #112 - square number = 390625; result: true
Attempt #113 - square number = 364816; result: true
Attempt #114 - square number = 3837681; result: true
Attempt #115 - square number = 1157776; result: true
Attempt #116 - square number = 277729; result: true
Attempt #117 - square number = 1297321; result: true
Attempt #118 - square number = 2421136; result: true
Attempt #119 - square number = 1272384; result: true
Attempt #120 - square number = 2660161; result: true
Attempt #121 - square number = 77284; result: true
Attempt #122 - square number = 25281; result: true
Attempt #123 - square number = 3713329; result: true
Attempt #124 - square number = 2709316; result: true
Attempt #125 - square number = 27889; result: true
Attempt #126 - square number = 719104; result: true
Attempt #127 - square number = 1697809; result: true
Attempt #128 - square number = 1552516; result: true
Attempt #129 - square number = 2250000; result: true
Attempt #130 - square number = 143641; result: true
Attempt #131 - square number = 301401; result: true
Attempt #132 - square number = 1723969; result: true
Attempt #133 - square number = 76729; result: true
Attempt #134 - square number = 1181569; result: true
Attempt #135 - square number = 3865156; result: true
Attempt #136 - square number = 478864; result: true
Attempt #137 - square number = 2241009; result: true
Attempt #138 - square number = 2752281; result: true
Attempt #139 - square number = 3976036; result: true
Attempt #140 - square number = 17689; result: true
Attempt #141 - square number = 1710864; result: true
Attempt #142 - square number = 2499561; result: true
Attempt #143 - square number = 3392964; result: true
Attempt #144 - square number = 499849; result: true
Attempt #145 - square number = 49284; result: true
Attempt #146 - square number = 817216; result: true
Attempt #147 - square number = 2464900; result: true
Attempt #148 - square number = 1366561; result: true
Attempt #149 - square number = 1510441; result: true
Attempt #150 - square number = 6724; result: true
Attempt #151 - square number = 1387684; result: true
Attempt #152 - square number = 1162084; result: true
Attempt #153 - square number = 1464100; result: true
Attempt #154 - square number = 399424; result: true
Attempt #155 - square number = 3992004; result: true
Attempt #156 - square number = 76176; result: true
Attempt #157 - square number = 1134225; result: true
Attempt #158 - square number = 2160900; result: true
Attempt #159 - square number = 635209; result: true
Attempt #160 - square number = 9604; result: true
Attempt #161 - square number = 1811716; result: true
Attempt #162 - square number = 22500; result: true
Attempt #163 - square number = 91809; result: true
Attempt #164 - square number = 207936; result: true
Attempt #165 - square number = 898704; result: true
Attempt #166 - square number = 2595321; result: true
Attempt #167 - square number = 484416; result: true
Attempt #168 - square number = 77841; result: true
Attempt #169 - square number = 531441; result: true
Attempt #170 - square number = 1971216; result: true
Attempt #171 - square number = 1580049; result: true
Attempt #172 - square number = 3515625; result: true
Attempt #173 - square number = 1026169; result: true
Attempt #174 - square number = 541696; result: true
Attempt #175 - square number = 2477476; result: true
Attempt #176 - square number = 1555009; result: true
Attempt #177 - square number = 576; result: true
Attempt #178 - square number = 3020644; result: true
Attempt #179 - square number = 1; result: true
Attempt #180 - square number = 2418025; result: true
Attempt #181 - square number = 1946025; result: true
Attempt #182 - square number = 792100; result: true
Attempt #183 - square number = 3523129; result: true
Attempt #184 - square number = 822649; result: true
Attempt #185 - square number = 3179089; result: true
Attempt #186 - square number = 1108809; result: true
Attempt #187 - square number = 294849; result: true
Attempt #188 - square number = 20449; result: true
Attempt #189 - square number = 361201; result: true
Attempt #190 - square number = 1946025; result: true
Attempt #191 - square number = 786769; result: true
Attempt #192 - square number = 55225; result: true
Attempt #193 - square number = 21025; result: true
Attempt #194 - square number = 34969; result: true
Attempt #195 - square number = 3736489; result: true
Attempt #196 - square number = 940900; result: true
Attempt #197 - square number = 1406596; result: true
Attempt #198 - square number = 2499561; result: true
Attempt #199 - square number = 1550025; result: true
]]></system-out>
  <system-err><![CDATA[]]></system-err>
</testsuite>
