<?xml version="1.0" encoding="UTF-8"?>
<testsuite name="mumbled_letters.MumbledLettersTestSuite" tests="1" skipped="0" failures="0" errors="0" timestamp="2020-05-02T17:06:04" hostname="Dell-Komputer" time="0.038">
  <properties/>
  <testcase name="testAccum" classname="mumbled_letters.MumbledLettersTestSuite" time="0.038"/>
  <system-out><![CDATA[The result of accum() method is: A-Bb-Ccc-Dddd
]]></system-out>
  <system-err><![CDATA[]]></system-err>
</testsuite>
