<?xml version="1.0" encoding="UTF-8"?>
<testsuite name="dividable_by_3_or_5.DividableByThreeOrFiveTestSuite" tests="1" skipped="0" failures="0" errors="0" timestamp="2020-05-20T17:26:38" hostname="Dell-Komputer" time="0.702">
  <properties/>
  <testcase name="testDividableNumbersFromRange" classname="dividable_by_3_or_5.DividableByThreeOrFiveTestSuite" time="0.702"/>
  <system-out><![CDATA[]]></system-out>
  <system-err><![CDATA[]]></system-err>
</testsuite>
